c:\users\risto\source\repos\umlooplab2\umlooplab2\x64\debug\vc143.pdb
c:\users\risto\source\repos\umlooplab2\umlooplab2\x64\debug\vc143.idb
c:\users\risto\source\repos\umlooplab2\umlooplab2\x64\debug\tastatura.obj
c:\users\risto\source\repos\umlooplab2\umlooplab2\x64\debug\switch.obj
c:\users\risto\source\repos\umlooplab2\umlooplab2\x64\debug\ssd.obj
c:\users\risto\source\repos\umlooplab2\umlooplab2\x64\debug\ram.obj
c:\users\risto\source\repos\umlooplab2\umlooplab2\x64\debug\racunarskaucionica.obj
c:\users\risto\source\repos\umlooplab2\umlooplab2\x64\debug\racunar.obj
c:\users\risto\source\repos\umlooplab2\umlooplab2\x64\debug\procesor.obj
c:\users\risto\source\repos\umlooplab2\umlooplab2\x64\debug\port.obj
c:\users\risto\source\repos\umlooplab2\umlooplab2\x64\debug\monitor.obj
c:\users\risto\source\repos\umlooplab2\umlooplab2\x64\debug\main.obj
c:\users\risto\source\repos\umlooplab2\umlooplab2\x64\debug\hdd.obj
c:\users\risto\source\repos\umlooplab2\umlooplab2\x64\debug\fakultet.obj
c:\users\risto\source\repos\umlooplab2\umlooplab2\x64\debug\projektor.obj
c:\users\risto\source\repos\umlooplab2\x64\debug\umlooplab2.exe
c:\users\risto\source\repos\umlooplab2\umlooplab2\x64\debug\umlooplab2.ilk
c:\users\risto\source\repos\umlooplab2\x64\debug\umlooplab2.pdb
c:\users\risto\source\repos\umlooplab2\umlooplab2\x64\debug\umlooplab2.tlog\cl.command.1.tlog
c:\users\risto\source\repos\umlooplab2\umlooplab2\x64\debug\umlooplab2.tlog\cl.items.tlog
c:\users\risto\source\repos\umlooplab2\umlooplab2\x64\debug\umlooplab2.tlog\cl.read.1.tlog
c:\users\risto\source\repos\umlooplab2\umlooplab2\x64\debug\umlooplab2.tlog\cl.write.1.tlog
c:\users\risto\source\repos\umlooplab2\umlooplab2\x64\debug\umlooplab2.tlog\link.command.1.tlog
c:\users\risto\source\repos\umlooplab2\umlooplab2\x64\debug\umlooplab2.tlog\link.read.1.tlog
c:\users\risto\source\repos\umlooplab2\umlooplab2\x64\debug\umlooplab2.tlog\link.write.1.tlog
